<?xml version="1.0" encoding="UTF-8"?>
<!-- Generated by org.testng.reporters.JUnitReportReporter -->
<testsuite skipped="0" hostname="DESKTOP-VOK5UB5" name="cg.jenkins.Testcase2" tests="1" failures="0" timestamp="2020-07-18T23:53:02 IST" time="7.764" errors="0">
  <testcase name="testcase2" time="7.764" classname="cg.jenkins.Testcase2"/>
  <system-out/>
</testsuite> <!-- cg.jenkins.Testcase2 -->
