<?xml version="1.0" encoding="UTF-8"?>
<!-- Generated by org.testng.reporters.JUnitReportReporter -->
<testsuite skipped="0" hostname="DESKTOP-VOK5UB5" name="cg.jenkins.Testcase1" tests="1" failures="0" timestamp="2020-07-18T23:53:02 IST" time="7.044" errors="0">
  <testcase name="testcase1" time="7.044" classname="cg.jenkins.Testcase1"/>
  <system-out/>
</testsuite> <!-- cg.jenkins.Testcase1 -->
